Performing C SOURCE FILE Test CMAKE_HAVE_LIBC_PTHREAD failed with the following output:
Change Dir: /home/shh/bt_demo_ws/src/battery_level_service_server/cmake-build-debug/CMakeFiles/CMakeTmp

Run Build Command(s):/usr/bin/make cmTC_fe631/fast && /usr/bin/make  -f CMakeFiles/cmTC_fe631.dir/build.make CMakeFiles/cmTC_fe631.dir/build
make[1]: Entering directory '/home/shh/bt_demo_ws/src/battery_level_service_server/cmake-build-debug/CMakeFiles/CMakeTmp'
Building C object CMakeFiles/cmTC_fe631.dir/src.c.o
/usr/bin/cc -DCMAKE_HAVE_LIBC_PTHREAD   -o CMakeFiles/cmTC_fe631.dir/src.c.o -c /home/shh/bt_demo_ws/src/battery_level_service_server/cmake-build-debug/CMakeFiles/CMakeTmp/src.c
Linking C executable cmTC_fe631
/home/shh/clion-2020.3.2/bin/cmake/linux/bin/cmake -E cmake_link_script CMakeFiles/cmTC_fe631.dir/link.txt --verbose=1
/usr/bin/cc CMakeFiles/cmTC_fe631.dir/src.c.o -o cmTC_fe631 
/usr/bin/ld: CMakeFiles/cmTC_fe631.dir/src.c.o: in function `main':
src.c:(.text+0x46): undefined reference to `pthread_create'
/usr/bin/ld: src.c:(.text+0x52): undefined reference to `pthread_detach'
/usr/bin/ld: src.c:(.text+0x5e): undefined reference to `pthread_cancel'
/usr/bin/ld: src.c:(.text+0x6f): undefined reference to `pthread_join'
collect2: error: ld returned 1 exit status
make[1]: *** [CMakeFiles/cmTC_fe631.dir/build.make:106: cmTC_fe631] Error 1
make[1]: Leaving directory '/home/shh/bt_demo_ws/src/battery_level_service_server/cmake-build-debug/CMakeFiles/CMakeTmp'
make: *** [Makefile:140: cmTC_fe631/fast] Error 2


Source file was:
#include <pthread.h>

static void* test_func(void* data)
{
  return data;
}

int main(void)
{
  pthread_t thread;
  pthread_create(&thread, NULL, test_func, NULL);
  pthread_detach(thread);
  pthread_cancel(thread);
  pthread_join(thread, NULL);
  pthread_atfork(NULL, NULL, NULL);
  pthread_exit(NULL);

  return 0;
}

Determining if the function pthread_create exists in the pthreads failed with the following output:
Change Dir: /home/shh/bt_demo_ws/src/battery_level_service_server/cmake-build-debug/CMakeFiles/CMakeTmp

Run Build Command(s):/usr/bin/make cmTC_28ef7/fast && /usr/bin/make  -f CMakeFiles/cmTC_28ef7.dir/build.make CMakeFiles/cmTC_28ef7.dir/build
make[1]: Entering directory '/home/shh/bt_demo_ws/src/battery_level_service_server/cmake-build-debug/CMakeFiles/CMakeTmp'
Building C object CMakeFiles/cmTC_28ef7.dir/CheckFunctionExists.c.o
/usr/bin/cc   -DCHECK_FUNCTION_EXISTS=pthread_create -o CMakeFiles/cmTC_28ef7.dir/CheckFunctionExists.c.o -c /home/shh/clion-2020.3.2/bin/cmake/linux/share/cmake-3.19/Modules/CheckFunctionExists.c
Linking C executable cmTC_28ef7
/home/shh/clion-2020.3.2/bin/cmake/linux/bin/cmake -E cmake_link_script CMakeFiles/cmTC_28ef7.dir/link.txt --verbose=1
/usr/bin/cc  -DCHECK_FUNCTION_EXISTS=pthread_create CMakeFiles/cmTC_28ef7.dir/CheckFunctionExists.c.o -o cmTC_28ef7  -lpthreads 
/usr/bin/ld: cannot find -lpthreads
collect2: error: ld returned 1 exit status
make[1]: *** [CMakeFiles/cmTC_28ef7.dir/build.make:106: cmTC_28ef7] Error 1
make[1]: Leaving directory '/home/shh/bt_demo_ws/src/battery_level_service_server/cmake-build-debug/CMakeFiles/CMakeTmp'
make: *** [Makefile:140: cmTC_28ef7/fast] Error 2



